[debug] [2021-08-16T13:29:19.420Z] ----------------------------------------------------------------------
[debug] [2021-08-16T13:29:19.420Z] Command:       C:\Program Files\nodejs\node.exe C:\Users\jyoti\AppData\Roaming\npm\node_modules\firebase-tools\lib\bin\firebase.js init
[debug] [2021-08-16T13:29:19.420Z] CLI Version:   9.16.0
[debug] [2021-08-16T13:29:19.436Z] Platform:      win32
[debug] [2021-08-16T13:29:19.436Z] Node Version:  v12.19.0
[debug] [2021-08-16T13:29:19.436Z] Time:          Mon Aug 16 2021 15:29:19 GMT+0200 (Central European Summer Time)
[debug] [2021-08-16T13:29:19.436Z] ----------------------------------------------------------------------
[debug] 
[debug] [2021-08-16T13:29:19.629Z] > command requires scopes: ["email","openid","https://www.googleapis.com/auth/cloudplatformprojects.readonly","https://www.googleapis.com/auth/firebase","https://www.googleapis.com/auth/cloud-platform"]
[debug] [2021-08-16T13:29:19.629Z] > authorizing via signed-in user (jyotiarun2214@gmail.com)
[info] 
     ######## #### ########  ######## ########     ###     ######  ########
     ##        ##  ##     ## ##       ##     ##  ##   ##  ##       ##
     ######    ##  ########  ######   ########  #########  ######  ######
     ##        ##  ##    ##  ##       ##     ## ##     ##       ## ##
     ##       #### ##     ## ######## ########  ##     ##  ######  ########

You're about to initialize a Firebase project in this directory:

  C:\Users\jyoti\Documents\bookingApp-frontend\BookingApp2021

Before we get started, keep in mind:

  * You are initializing within an existing Firebase project directory

[info] 
=== Project Setup
[info] 
[info] First, let's associate this project directory with a Firebase project.
[info] You can create multiple project aliases by running firebase use --add, 
[info] but for now we'll just set up a default project.
[info] 
[info] i  .firebaserc already has a default project, using spikspanapp. 
[debug] [2021-08-16T13:29:39.578Z] > refreshing access token with scopes: []
[debug] [2021-08-16T13:29:39.582Z] >>> HTTP REQUEST POST https://www.googleapis.com/oauth2/v3/token  
 <request body omitted>
[debug] [2021-08-16T13:29:39.822Z] <<< HTTP RESPONSE 200 {"cache-control":"no-cache, no-store, max-age=0, must-revalidate","date":"Mon, 16 Aug 2021 13:29:40 GMT","pragma":"no-cache","expires":"Mon, 01 Jan 1990 00:00:00 GMT","content-type":"application/json; charset=utf-8","vary":"X-Origin, Referer, Origin,Accept-Encoding","server":"scaffolding on HTTPServer2","x-xss-protection":"0","x-frame-options":"SAMEORIGIN","x-content-type-options":"nosniff","alt-svc":"h3=\":443\"; ma=2592000,h3-29=\":443\"; ma=2592000,h3-T051=\":443\"; ma=2592000,h3-Q050=\":443\"; ma=2592000,h3-Q046=\":443\"; ma=2592000,h3-Q043=\":443\"; ma=2592000,quic=\":443\"; ma=2592000; v=\"46,43\"","accept-ranges":"none","transfer-encoding":"chunked"}
[debug] [2021-08-16T13:29:39.854Z] >>> [apiv2][query] GET https://firebase.googleapis.com/v1beta1/projects/spikspanapp [none]
[debug] [2021-08-16T13:29:40.023Z] <<< [apiv2][status] GET https://firebase.googleapis.com/v1beta1/projects/spikspanapp 200
[debug] [2021-08-16T13:29:40.023Z] <<< [apiv2][body] GET https://firebase.googleapis.com/v1beta1/projects/spikspanapp {"projectId":"spikspanapp","projectNumber":"320038663679","displayName":"SpikSpanApp","name":"projects/spikspanapp","resources":{"hostingSite":"spikspanapp","storageBucket":"spikspanapp.appspot.com","locationId":"europe-west"},"state":"ACTIVE"}
[info] 
=== Hosting Setup
[info] 
[info] Your public directory is the folder (relative to your project directory) that
[info] will contain Hosting assets to be uploaded with firebase deploy. If you
[info] have a build process for your assets, use your build's output directory.
[info] 
[debug] [2021-08-16T13:30:25.947Z] >>> [apiv2][query] GET https://www.gstatic.com/firebasejs/releases.json [none]
[debug] [2021-08-16T13:30:26.024Z] <<< [apiv2][status] GET https://www.gstatic.com/firebasejs/releases.json 200
[debug] [2021-08-16T13:30:26.025Z] <<< [apiv2][body] GET https://www.gstatic.com/firebasejs/releases.json {"current":{"version":"8.9.1","browserURL":"https://www.gstatic.com/firebasejs/8.9.1/firebase.js","packageURL":"https://www.gstatic.com/firebasejs/8.9.1/firebase.tgz"},"live":{"version":"8.9","browserURL":"https://www.gstatic.com/firebasejs/live/8.9/firebase.js","packageURL":"https://www.gstatic.com/firebasejs/live/8.9/firebase.tgz"},"components":{"analytics":"https://www.gstatic.com/firebasejs/8.9.1/firebase-analytics.js","app":"https://www.gstatic.com/firebasejs/8.9.1/firebase-app.js","app-check":"https://www.gstatic.com/firebasejs/8.9.1/firebase-app-check.js","auth":"https://www.gstatic.com/firebasejs/8.9.1/firebase-auth.js","database":"https://www.gstatic.com/firebasejs/8.9.1/firebase-database.js","firestore":"https://www.gstatic.com/firebasejs/8.9.1/firebase-firestore.js","functions":"https://www.gstatic.com/firebasejs/8.9.1/firebase-functions.js","installations":"https://www.gstatic.com/firebasejs/8.9.1/firebase-installations.js","messaging":"https://www.gstatic.com/firebasejs/8.9.1/firebase-messaging.js","storage":"https://www.gstatic.com/firebasejs/8.9.1/firebase-storage.js","performance":"https://www.gstatic.com/firebasejs/8.9.1/firebase-performance.js","remote-config":"https://www.gstatic.com/firebasejs/8.9.1/firebase-remote-config.js","firestore.memory":"https://www.gstatic.com/firebasejs/8.9.1/firebase-firestore.memory.js"}}
[info] +  Wrote (public)/index.html 
[info] 
[info] i  Detected a .git folder at C:\Users\jyoti\Documents\bookingApp-frontend\BookingApp2021 
[info] i  Authorizing with GitHub to upload your service account to a GitHub repository's secrets store. 
[info] 
[info] Visit this URL on this device to log in:
[info] https://github.com/login/oauth/authorize?client_id=89cf50f02ac6aaed3484&state=258488533&redirect_uri=http%3A%2F%2Flocalhost%3A9005&scope=read%3Auser%20repo%20public_repo
[info] 
[info] Waiting for authentication...
[debug] [2021-08-16T13:30:27.960Z] >>> HTTP REQUEST POST https://github.com/login/oauth/access_token  
 {"client_id":"89cf50f02ac6aaed3484","client_secret":"3330d14abc895d9a74d5f17cd7a00711fa2c5bf0","code":"827876ac6600e7ca84ec","redirect_uri":"http://localhost:9005","state":"258488533"}
[debug] [2021-08-16T13:30:28.237Z] <<< HTTP RESPONSE 200 {"server":"GitHub.com","date":"Mon, 16 Aug 2021 13:30:28 GMT","content-type":"application/json; charset=utf-8","transfer-encoding":"chunked","vary":"X-PJAX, Accept-Encoding, Accept, X-Requested-With","permissions-policy":"interest-cohort=()","etag":"W/\"9d624ed0c129c933ce0231bdc29b7739\"","cache-control":"max-age=0, private, must-revalidate","strict-transport-security":"max-age=31536000; includeSubdomains; preload","x-frame-options":"deny","x-content-type-options":"nosniff","x-xss-protection":"0","referrer-policy":"origin-when-cross-origin, strict-origin-when-cross-origin","expect-ct":"max-age=2592000, report-uri=\"https://api.github.com/_private/browser/errors\"","content-security-policy":"default-src 'none'; base-uri 'self'; block-all-mixed-content; connect-src 'self' uploads.github.com www.githubstatus.com collector.githubapp.com api.github.com github-cloud.s3.amazonaws.com github-production-repository-file-5c1aeb.s3.amazonaws.com github-production-upload-manifest-file-7fdce7.s3.amazonaws.com github-production-user-asset-6210df.s3.amazonaws.com cdn.optimizely.com logx.optimizely.com/v1/events translator.github.com wss://alive.github.com; font-src github.githubassets.com; form-action 'self' github.com gist.github.com; frame-ancestors 'none'; frame-src render.githubusercontent.com render-temp.githubusercontent.com viewscreen.githubusercontent.com; img-src 'self' data: github.githubassets.com identicons.github.com collector.githubapp.com github-cloud.s3.amazonaws.com secured-user-images.githubusercontent.com/ *.githubusercontent.com; manifest-src 'self'; media-src 'none'; script-src github.githubassets.com; style-src 'unsafe-inline' github.githubassets.com; worker-src github.com/socket-worker-3f088aa2.js gist.github.com/socket-worker-3f088aa2.js","x-github-request-id":"EAE8:C902:DD74E9:E5FB45:611A6874"}
[debug] [2021-08-16T13:30:28.249Z] >>> [apiv2][query] GET https://api.github.com/user [none]
[debug] [2021-08-16T13:30:28.563Z] <<< [apiv2][status] GET https://api.github.com/user 200
[debug] [2021-08-16T13:30:28.563Z] <<< [apiv2][body] GET https://api.github.com/user {"login":"jyoti-nambiar","id":50999333,"node_id":"MDQ6VXNlcjUwOTk5MzMz","avatar_url":"https://avatars.githubusercontent.com/u/50999333?v=4","gravatar_id":"","url":"https://api.github.com/users/jyoti-nambiar","html_url":"https://github.com/jyoti-nambiar","followers_url":"https://api.github.com/users/jyoti-nambiar/followers","following_url":"https://api.github.com/users/jyoti-nambiar/following{/other_user}","gists_url":"https://api.github.com/users/jyoti-nambiar/gists{/gist_id}","starred_url":"https://api.github.com/users/jyoti-nambiar/starred{/owner}{/repo}","subscriptions_url":"https://api.github.com/users/jyoti-nambiar/subscriptions","organizations_url":"https://api.github.com/users/jyoti-nambiar/orgs","repos_url":"https://api.github.com/users/jyoti-nambiar/repos","events_url":"https://api.github.com/users/jyoti-nambiar/events{/privacy}","received_events_url":"https://api.github.com/users/jyoti-nambiar/received_events","type":"User","site_admin":false,"name":null,"company":null,"blog":"","location":null,"email":null,"hireable":null,"bio":null,"twitter_username":null,"public_repos":29,"public_gists":0,"followers":0,"following":0,"created_at":"2019-05-24T17:12:53Z","updated_at":"2021-08-14T06:06:40Z","private_gists":0,"total_private_repos":0,"owned_private_repos":0,"disk_usage":128363,"collaborators":0,"two_factor_authentication":false,"plan":{"name":"free","space":976562499,"collaborators":0,"private_repos":10000}}
[info] 
[info] +  Success! Logged into GitHub as jyoti-nambiar 
[info] 
[debug] [2021-08-16T13:30:50.586Z] >>> [apiv2][query] GET https://api.github.com/repos//actions/secrets/public-key type=owner
[debug] [2021-08-16T13:30:50.855Z] <<< [apiv2][status] GET https://api.github.com/repos//actions/secrets/public-key 404
[debug] [2021-08-16T13:30:50.855Z] <<< [apiv2][body] GET https://api.github.com/repos//actions/secrets/public-key {"message":"Not Found","documentation_url":"https://docs.github.com/rest"}
